<?xml version="1.0" encoding="UTF-8"?>
<!-- Generated by org.testng.reporters.JUnitXMLReporter -->
<testsuite hostname="Karthik-PC" ignored="7" name="Test" tests="3" failures="2" timestamp="2020-05-11T10:03:19 IST" time="133.434" errors="0">
  <testcase name="signinvalidation" time="0.01" classname="Assignment2.Task1">
    <failure type="java.lang.NullPointerException">
      <![CDATA[java.lang.NullPointerException
at Assignment2.Task1.signinvalidation(Task1.java:71)
at java.util.concurrent.ThreadPoolExecutor.runWorker(Unknown Source)
at java.util.concurrent.ThreadPoolExecutor$Worker.run(Unknown Source)
at java.lang.Thread.run(Unknown Source)
... Removed 12 stack frames]]>
    </failure>
  </testcase> <!-- signinvalidation -->
  <testcase name="signinvalidation" time="0.002" classname="Assignment2.Task1">
    <failure type="java.lang.NullPointerException">
      <![CDATA[java.lang.NullPointerException
at Assignment2.Task1.signinvalidation(Task1.java:71)
at java.util.concurrent.ThreadPoolExecutor.runWorker(Unknown Source)
at java.util.concurrent.ThreadPoolExecutor$Worker.run(Unknown Source)
at java.lang.Thread.run(Unknown Source)
... Removed 12 stack frames]]>
    </failure>
  </testcase> <!-- signinvalidation -->
  <testcase name="test1" time="133.281" classname="Assignment2.Task1"/>
  <testcase name="test3" time="0.0" classname="Assignment1.Task3">
    <ignored/>
  </testcase> <!-- test3 -->
  <testcase name="test5" time="0.0" classname="Assignment1.Task5">
    <ignored/>
  </testcase> <!-- test5 -->
  <testcase name="test2" time="0.0" classname="Assignment1.Task2">
    <ignored/>
  </testcase> <!-- test2 -->
  <testcase name="test6" time="0.0" classname="Assignment1.Task6">
    <ignored/>
  </testcase> <!-- test6 -->
  <testcase name="test1" time="0.0" classname="Assignment1.Task1">
    <ignored/>
  </testcase> <!-- test1 -->
  <testcase name="test4" time="0.0" classname="Assignment1.Task4">
    <ignored/>
  </testcase> <!-- test4 -->
  <testcase name="test1" time="0.0" classname="Assignment3.Task1">
    <ignored/>
  </testcase> <!-- test1 -->
</testsuite> <!-- Test -->
