<?xml version="1.0" encoding="UTF-8"?>
<!-- Generated by org.testng.reporters.JUnitXMLReporter -->
<testsuite hostname="Karthik-PC" ignored="2" name="Test" tests="2" failures="0" timestamp="2020-05-21T13:23:36 IST" time="0.049" errors="0">
  <testcase name="@BeforeSuite setUp" time="0.113" classname="Assignment1.BaseImplementation">
    <failure type="java.lang.NoClassDefFoundError" message="org.apache.logging.log4j.LogManager">
      <![CDATA[java.lang.NoClassDefFoundError: org.apache.logging.log4j.LogManager
at org.apache.log4j.Logger.getLogger(Logger.java:37)
at freemarker.log._Log4jLoggerFactory.getLogger(_Log4jLoggerFactory.java:29)
at freemarker.log.Logger.getLogger(Logger.java:357)
at freemarker.template.Configuration.<clinit>(Configuration.java:125)
at com.relevantcodes.extentreports.HTMLReporter.start(HTMLReporter.java:76)
at com.relevantcodes.extentreports.Report.attach(Report.java:318)
at com.relevantcodes.extentreports.ExtentReports.<init>(ExtentReports.java:86)
at com.relevantcodes.extentreports.ExtentReports.<init>(ExtentReports.java:375)
at Assignment1.BaseImplementation.setUp(BaseImplementation.java:44)
... Removed 19 stack frames]]>
    </failure>
  </testcase> <!-- @BeforeSuite setUp -->
  <testcase name="@AfterMethod getResult" time="-1.590047616733E9" classname="Assignment1.BaseImplementation">
    <skipped/>
  </testcase> <!-- @AfterMethod getResult -->
  <testcase name="@AfterMethod getResult" time="-1.590047616743E9" classname="Assignment1.BaseImplementation">
    <skipped/>
  </testcase> <!-- @AfterMethod getResult -->
  <testcase name="test1" time="0.0" classname="Assignment1.Task1">
    <skipped/>
  </testcase> <!-- test1 -->
  <testcase name="test1" time="0.0" classname="Assignment3.Task1">
    <skipped/>
  </testcase> <!-- test1 -->
  <testcase name="@AfterSuite testReport" time="0.0" classname="Assignment1.BaseImplementation">
    <ignored/>
  </testcase> <!-- @AfterSuite testReport -->
  <testcase name="@BeforeSuite setUp" time="0.0" classname="Assignment1.BaseImplementation">
    <ignored/>
  </testcase> <!-- @BeforeSuite setUp -->
</testsuite> <!-- Test -->
