<?xml version="1.0" encoding="UTF-8"?>
<testng-results skipped="0" failed="2" ignored="7" total="10" passed="1">
  <reporter-output>
  </reporter-output>
  <suite name="Suite" duration-ms="133434" started-at="2020-05-11T10:01:05 IST" finished-at="2020-05-11T10:03:19 IST">
    <groups>
      <group name="optional">
        <method signature="Task1.signinvalidation(java.lang.String, java.lang.String)[pri:1, instance:Assignment2.Task1@3dd4520b]" name="signinvalidation" class="Assignment2.Task1"/>
      </group> <!-- optional -->
      <group name="Assignment2">
        <method signature="Task1.signinvalidation(java.lang.String, java.lang.String)[pri:1, instance:Assignment2.Task1@3dd4520b]" name="signinvalidation" class="Assignment2.Task1"/>
        <method signature="Task1.test1(java.lang.String, java.lang.String, java.lang.String, java.lang.String, java.lang.String, java.lang.String)[pri:0, instance:Assignment2.Task1@3dd4520b]" name="test1" class="Assignment2.Task1"/>
      </group> <!-- Assignment2 -->
      <group name="mandatory">
        <method signature="Task1.test1(java.lang.String, java.lang.String, java.lang.String, java.lang.String, java.lang.String, java.lang.String)[pri:0, instance:Assignment2.Task1@3dd4520b]" name="test1" class="Assignment2.Task1"/>
      </group> <!-- mandatory -->
    </groups>
    <test name="Test" duration-ms="133434" started-at="2020-05-11T10:01:05 IST" finished-at="2020-05-11T10:03:19 IST">
      <class name="Assignment2.Task1">
        <test-method status="FAIL" signature="signinvalidation(java.lang.String, java.lang.String)[pri:1, instance:Assignment2.Task1@3dd4520b]" name="signinvalidation" duration-ms="10" started-at="2020-05-11T10:01:05 IST" data-provider="LoginDetails" finished-at="2020-05-11T10:01:05 IST">
          <params>
            <param index="0">
              <value>
                <![CDATA[ramya1@gmail.com]]>
              </value>
            </param>
            <param index="1">
              <value>
                <![CDATA[Qwerty@1]]>
              </value>
            </param>
          </params>
          <exception class="java.lang.NullPointerException">
            <full-stacktrace>
              <![CDATA[java.lang.NullPointerException
at Assignment2.Task1.signinvalidation(Task1.java:71)
at sun.reflect.NativeMethodAccessorImpl.invoke0(Native Method)
at sun.reflect.NativeMethodAccessorImpl.invoke(Unknown Source)
at sun.reflect.DelegatingMethodAccessorImpl.invoke(Unknown Source)
at java.lang.reflect.Method.invoke(Unknown Source)
at org.testng.internal.MethodInvocationHelper.invokeMethod(MethodInvocationHelper.java:135)
at org.testng.internal.TestInvoker.invokeMethod(TestInvoker.java:598)
at org.testng.internal.TestInvoker.invokeTestMethod(TestInvoker.java:174)
at org.testng.internal.MethodRunner.runInSequence(MethodRunner.java:46)
at org.testng.internal.TestInvoker$MethodInvocationAgent.invoke(TestInvoker.java:821)
at org.testng.internal.TestInvoker.invokeTestMethods(TestInvoker.java:147)
at org.testng.internal.TestMethodWorker.invokeTestMethods(TestMethodWorker.java:146)
at org.testng.internal.TestMethodWorker.run(TestMethodWorker.java:128)
at java.util.concurrent.ThreadPoolExecutor.runWorker(Unknown Source)
at java.util.concurrent.ThreadPoolExecutor$Worker.run(Unknown Source)
at java.lang.Thread.run(Unknown Source)
]]>
            </full-stacktrace>
          </exception> <!-- java.lang.NullPointerException -->
          <reporter-output>
          </reporter-output>
        </test-method> <!-- signinvalidation -->
        <test-method status="PASS" signature="test1(java.lang.String, java.lang.String, java.lang.String, java.lang.String, java.lang.String, java.lang.String)[pri:0, instance:Assignment2.Task1@3dd4520b]" name="test1" duration-ms="133281" started-at="2020-05-11T10:01:05 IST" data-provider="RegisterandLoginData" finished-at="2020-05-11T10:03:19 IST">
          <params>
            <param index="0">
              <value>
                <![CDATA[ramya21@gmail.com]]>
              </value>
            </param>
            <param index="1">
              <value>
                <![CDATA[Qwerty@1]]>
              </value>
            </param>
            <param index="2">
              <value>
                <![CDATA[Qwerty@1]]>
              </value>
            </param>
            <param index="3">
              <value>
                <![CDATA[11]]>
              </value>
            </param>
            <param index="4">
              <value>
                <![CDATA[5]]>
              </value>
            </param>
            <param index="5">
              <value>
                <![CDATA[1992]]>
              </value>
            </param>
          </params>
          <reporter-output>
          </reporter-output>
        </test-method> <!-- test1 -->
        <test-method status="FAIL" signature="signinvalidation(java.lang.String, java.lang.String)[pri:1, instance:Assignment2.Task1@3dd4520b]" name="signinvalidation" duration-ms="2" started-at="2020-05-11T10:01:05 IST" data-provider="LoginDetails" finished-at="2020-05-11T10:01:05 IST">
          <params>
            <param index="0">
              <value>
                <![CDATA[ramya1@gmail.com]]>
              </value>
            </param>
            <param index="1">
              <value>
                <![CDATA[Qwerty@2]]>
              </value>
            </param>
          </params>
          <exception class="java.lang.NullPointerException">
            <full-stacktrace>
              <![CDATA[java.lang.NullPointerException
at Assignment2.Task1.signinvalidation(Task1.java:71)
at sun.reflect.NativeMethodAccessorImpl.invoke0(Native Method)
at sun.reflect.NativeMethodAccessorImpl.invoke(Unknown Source)
at sun.reflect.DelegatingMethodAccessorImpl.invoke(Unknown Source)
at java.lang.reflect.Method.invoke(Unknown Source)
at org.testng.internal.MethodInvocationHelper.invokeMethod(MethodInvocationHelper.java:135)
at org.testng.internal.TestInvoker.invokeMethod(TestInvoker.java:598)
at org.testng.internal.TestInvoker.invokeTestMethod(TestInvoker.java:174)
at org.testng.internal.MethodRunner.runInSequence(MethodRunner.java:46)
at org.testng.internal.TestInvoker$MethodInvocationAgent.invoke(TestInvoker.java:821)
at org.testng.internal.TestInvoker.invokeTestMethods(TestInvoker.java:147)
at org.testng.internal.TestMethodWorker.invokeTestMethods(TestMethodWorker.java:146)
at org.testng.internal.TestMethodWorker.run(TestMethodWorker.java:128)
at java.util.concurrent.ThreadPoolExecutor.runWorker(Unknown Source)
at java.util.concurrent.ThreadPoolExecutor$Worker.run(Unknown Source)
at java.lang.Thread.run(Unknown Source)
]]>
            </full-stacktrace>
          </exception> <!-- java.lang.NullPointerException -->
          <reporter-output>
          </reporter-output>
        </test-method> <!-- signinvalidation -->
      </class> <!-- Assignment2.Task1 -->
    </test> <!-- Test -->
  </suite> <!-- Suite -->
</testng-results>
